COPYING
zxspectr.com
48.rom
inves.rom
128.rom
128s.rom
p2.rom
p2s.rom
p2f.rom
p2a40.rom
p2a41.rom
p2as.rom
zxspectr.scr
keyboard.scr
zxsp_esp.pdf
zxspectr.pdf
changes.txt
cambios.txt
lineasmp.exe
smpatap.exe
tapabin.exe
sp_z80.exe
vga2raw.exe
smpatap_x32
smpatap_x64
sp_z80_x32
sp_z80_x64
tapabin_x32
tapabin_x64
vga2raw_x32
vga2raw_x64
sped52.tap
converso.tap
realdebu.tap
cursordr.tap
artiller.tap
rocman.tap
toi.tap
sirfred.tap
rick.tap
cancione.tap
cd.tap
histeria.tap
bubble.tap
binary_l.tap
dynadan2.tap
noumenon.tap
power_up.tap
thecube.tap
toiclave.zx
abadia.zx
xeno.zx
ghosts.zx
